[00:02:07] [Server thread/WARN] [FML]: HBM's Nuclear Tech - Extended Edition loaded a new chunk [19, -13] in dimension -1 (the_nether) while populating chunk [20, -12], causing cascading worldgen lag.
[00:02:07] [Server thread/WARN] [FML]: Please report this to the mod's issue tracker. This log can be disabled in the Forge config.
[00:02:07] [Server thread/WARN] [FML]: HBM's Nuclear Tech - Extended Edition loaded a new chunk [18, -13] in dimension -1 (the_nether) while populating chunk [19, -13], causing cascading worldgen lag.
[00:02:07] [Server thread/WARN] [FML]: Please report this to the mod's issue tracker. This log can be disabled in the Forge config.
[00:02:07] [Server thread/WARN] [FML]: HBM's Nuclear Tech - Extended Edition loaded a new chunk [18, -14] in dimension -1 (the_nether) while populating chunk [18, -13], causing cascading worldgen lag.
[00:02:07] [Server thread/WARN] [FML]: Please report this to the mod's issue tracker. This log can be disabled in the Forge config.
[00:02:07] [Server thread/WARN] [FML]: HBM's Nuclear Tech - Extended Edition loaded a new chunk [19, -14] in dimension -1 (the_nether) while populating chunk [19, -13], causing cascading worldgen lag.
[00:02:07] [Server thread/WARN] [FML]: Please report this to the mod's issue tracker. This log can be disabled in the Forge config.
[00:02:12] [Server thread/WARN] [FML]: HBM's Nuclear Tech - Extended Edition loaded a new chunk [20, -13] in dimension -1 (the_nether) while populating chunk [21, -12], causing cascading worldgen lag.
[00:02:12] [Server thread/WARN] [FML]: Please report this to the mod's issue tracker. This log can be disabled in the Forge config.
[00:02:31] [Server thread/INFO] [net.minecraft.server.dedicated.DedicatedServer]: santydork has made the advancement [We Need to Go Deeper]
[00:02:32] [Server thread/WARN] [net.minecraft.network.NetHandlerPlayServer]: santydork moved too quickly! 774.5334213641304,9.0,475.6665786239487
[00:02:38] [Server thread/WARN] [FML]: HBM's Nuclear Tech - Extended Edition loaded a new chunk [20, -13] in dimension -1 (the_nether) while populating chunk [21, -13], causing cascading worldgen lag.
[00:02:38] [Server thread/WARN] [FML]: Please report this to the mod's issue tracker. This log can be disabled in the Forge config.
[00:02:56] [Server thread/INFO] [net.minecraft.server.dedicated.DedicatedServer]: [santydork: Teleported santydork to Chrisus]
[00:03:44] [Server thread/INFO] [net.minecraft.server.dedicated.DedicatedServer]: [santydork: Teleported santydork to -111.5, 71.5, -67.5]
[00:03:50] [Server thread/WARN] [net.minecraft.network.NetHandlerPlayServer]: santydork moved too quickly! -774.0731780220707,-9.0,-475.54251398103725
[00:04:11] [Server thread/WARN] [FML]: HBM's Nuclear Tech - Extended Edition loaded a new chunk [20, -15] in dimension -1 (the_nether) while populating chunk [21, -15], causing cascading worldgen lag.
[00:04:11] [Server thread/WARN] [FML]: Please report this to the mod's issue tracker. This log can be disabled in the Forge config.
[00:04:11] [Server thread/WARN] [FML]: HBM's Nuclear Tech - Extended Edition loaded a new chunk [19, -15] in dimension -1 (the_nether) while populating chunk [20, -15], causing cascading worldgen lag.
[00:04:11] [Server thread/WARN] [FML]: Please report this to the mod's issue tracker. This log can be disabled in the Forge config.
[00:04:11] [Server thread/WARN] [FML]: HBM's Nuclear Tech - Extended Edition loaded a new chunk [18, -15] in dimension -1 (the_nether) while populating chunk [19, -15], causing cascading worldgen lag.
[00:04:11] [Server thread/WARN] [FML]: Please report this to the mod's issue tracker. This log can be disabled in the Forge config.
[00:04:11] [Server thread/WARN] [FML]: HBM's Nuclear Tech - Extended Edition loaded a new chunk [17, -15] in dimension -1 (the_nether) while populating chunk [18, -15], causing cascading worldgen lag.
[00:04:11] [Server thread/WARN] [FML]: Please report this to the mod's issue tracker. This log can be disabled in the Forge config.
[00:04:11] [Server thread/WARN] [FML]: HBM's Nuclear Tech - Extended Edition loaded a new chunk [16, -15] in dimension -1 (the_nether) while populating chunk [17, -15], causing cascading worldgen lag.
[00:04:11] [Server thread/WARN] [FML]: Please report this to the mod's issue tracker. This log can be disabled in the Forge config.
[00:04:11] [Server thread/WARN] [FML]: HBM's Nuclear Tech - Extended Edition loaded a new chunk [15, -15] in dimension -1 (the_nether) while populating chunk [16, -15], causing cascading worldgen lag.
[00:04:11] [Server thread/WARN] [FML]: Please report this to the mod's issue tracker. This log can be disabled in the Forge config.
[00:04:11] [Server thread/WARN] [FML]: HBM's Nuclear Tech - Extended Edition loaded a new chunk [14, -15] in dimension -1 (the_nether) while populating chunk [16, -15], causing cascading worldgen lag.
[00:04:11] [Server thread/WARN] [FML]: Please report this to the mod's issue tracker. This log can be disabled in the Forge config.
[00:04:11] [Server thread/WARN] [FML]: HBM's Nuclear Tech - Extended Edition loaded a new chunk [15, -16] in dimension -1 (the_nether) while populating chunk [16, -15], causing cascading worldgen lag.
[00:04:11] [Server thread/WARN] [FML]: Please report this to the mod's issue tracker. This log can be disabled in the Forge config.
[00:04:11] [Server thread/WARN] [FML]: HBM's Nuclear Tech - Extended Edition loaded a new chunk [14, -16] in dimension -1 (the_nether) while populating chunk [16, -15], causing cascading worldgen lag.
[00:04:11] [Server thread/WARN] [FML]: Please report this to the mod's issue tracker. This log can be disabled in the Forge config.
[00:04:11] [Server thread/WARN] [FML]: HBM's Nuclear Tech - Extended Edition loaded a new chunk [16, -16] in dimension -1 (the_nether) while populating chunk [16, -15], causing cascading worldgen lag.
[00:04:11] [Server thread/WARN] [FML]: Please report this to the mod's issue tracker. This log can be disabled in the Forge config.
[00:04:11] [Server thread/WARN] [FML]: HBM's Nuclear Tech - Extended Edition loaded a new chunk [16, -17] in dimension -1 (the_nether) while populating chunk [16, -16], causing cascading worldgen lag.
[00:04:11] [Server thread/WARN] [FML]: Please report this to the mod's issue tracker. This log can be disabled in the Forge config.
[00:04:11] [Server thread/WARN] [FML]: HBM's Nuclear Tech - Extended Edition loaded a new chunk [15, -17] in dimension -1 (the_nether) while populating chunk [16, -17], causing cascading worldgen lag.
[00:04:11] [Server thread/WARN] [FML]: Please report this to the mod's issue tracker. This log can be disabled in the Forge config.
[00:04:11] [Server thread/WARN] [FML]: HBM's Nuclear Tech - Extended Edition loaded a new chunk [15, -18] in dimension -1 (the_nether) while populating chunk [16, -17], causing cascading worldgen lag.
[00:04:11] [Server thread/WARN] [FML]: Please report this to the mod's issue tracker. This log can be disabled in the Forge config.
[00:04:11] [Server thread/WARN] [FML]: HBM's Nuclear Tech - Extended Edition loaded a new chunk [18, -16] in dimension -1 (the_nether) while populating chunk [16, -15], causing cascading worldgen lag.
[00:04:11] [Server thread/WARN] [FML]: Please report this to the mod's issue tracker. This log can be disabled in the Forge config.
[00:04:11] [Server thread/WARN] [FML]: HBM's Nuclear Tech - Extended Edition loaded a new chunk [17, -17] in dimension -1 (the_nether) while populating chunk [18, -16], causing cascading worldgen lag.
[00:04:11] [Server thread/WARN] [FML]: Please report this to the mod's issue tracker. This log can be disabled in the Forge config.
[00:04:11] [Server thread/WARN] [FML]: HBM's Nuclear Tech - Extended Edition loaded a new chunk [16, -18] in dimension -1 (the_nether) while populating chunk [17, -17], causing cascading worldgen lag.
[00:04:11] [Server thread/WARN] [FML]: Please report this to the mod's issue tracker. This log can be disabled in the Forge config.
[00:04:11] [Server thread/WARN] [FML]: HBM's Nuclear Tech - Extended Edition loaded a new chunk [17, -16] in dimension -1 (the_nether) while populating chunk [16, -15], causing cascading worldgen lag.
[00:04:11] [Server thread/WARN] [FML]: Please report this to the mod's issue tracker. This log can be disabled in the Forge config.
[00:04:40] [Server thread/WARN] [FML]: HBM's Nuclear Tech - Extended Edition loaded a new chunk [19, -17] in dimension -1 (the_nether) while populating chunk [19, -16], causing cascading worldgen lag.
[00:04:40] [Server thread/WARN] [FML]: Please report this to the mod's issue tracker. This log can be disabled in the Forge config.
[00:04:40] [Server thread/WARN] [FML]: HBM's Nuclear Tech - Extended Edition loaded a new chunk [18, -17] in dimension -1 (the_nether) while populating chunk [19, -16], causing cascading worldgen lag.
[00:04:40] [Server thread/WARN] [FML]: Please report this to the mod's issue tracker. This log can be disabled in the Forge config.
[00:04:40] [Server thread/WARN] [FML]: HBM's Nuclear Tech - Extended Edition loaded a new chunk [17, -18] in dimension -1 (the_nether) while populating chunk [18, -17], causing cascading worldgen lag.
[00:04:40] [Server thread/WARN] [FML]: Please report this to the mod's issue tracker. This log can be disabled in the Forge config.
[00:04:40] [Server thread/WARN] [FML]: HBM's Nuclear Tech - Extended Edition loaded a new chunk [16, -19] in dimension -1 (the_nether) while populating chunk [17, -18], causing cascading worldgen lag.
[00:04:40] [Server thread/WARN] [FML]: Please report this to the mod's issue tracker. This log can be disabled in the Forge config.
[00:04:40] [Server thread/WARN] [FML]: HBM's Nuclear Tech - Extended Edition loaded a new chunk [15, -19] in dimension -1 (the_nether) while populating chunk [16, -19], causing cascading worldgen lag.
[00:04:40] [Server thread/WARN] [FML]: Please report this to the mod's issue tracker. This log can be disabled in the Forge config.
[00:04:40] [Server thread/WARN] [FML]: HBM's Nuclear Tech - Extended Edition loaded a new chunk [14, -19] in dimension -1 (the_nether) while populating chunk [15, -19], causing cascading worldgen lag.
[00:04:40] [Server thread/WARN] [FML]: Please report this to the mod's issue tracker. This log can be disabled in the Forge config.
[00:04:40] [Server thread/WARN] [FML]: HBM's Nuclear Tech - Extended Edition loaded a new chunk [20, -17] in dimension -1 (the_nether) while populating chunk [21, -16], causing cascading worldgen lag.
[00:04:40] [Server thread/WARN] [FML]: Please report this to the mod's issue tracker. This log can be disabled in the Forge config.
[00:05:36] [Server thread/WARN] [net.minecraft.network.NetHandlerPlayServer]: santydork moved too quickly! 774.4871261725821,9.0,475.21606377895944
[00:05:47] [Server thread/INFO] [net.minecraft.server.dedicated.DedicatedServer]: <santydork> xaero-waypoint:portal:P:-112:71:-68:8:false:0:Internal-the-nether-waypoints
[00:05:56] [Server thread/WARN] [net.minecraft.network.NetHandlerPlayServer]: santydork moved too quickly! -773.7062403034342,-9.0,-476.19999998807907
[00:05:57] [Server thread/INFO] [net.minecraft.server.dedicated.DedicatedServer]: [Chrisus: Teleported Chrisus to -111.5, 71.5, -67.5]
[00:06:05] [Server thread/WARN] [net.minecraft.network.NetHandlerPlayServer]: Chrisus moved too quickly! -774.1414845776561,-9.0,-475.81518389708424
[00:06:15] [Server thread/INFO] [FML]: Unloading dimension -1
[00:06:21] [Server thread/INFO] [hordes]: [net.smileycorp.hordes.hordeevent.capability.HordeEvent@40893615]Trying to start horde event on day 11 with nextDay 10 and time 18000
[00:06:21] [Server thread/INFO] [hordes]: Applying script hordes:default for event net.smileycorp.hordes.common.event.HordeBuildSpawnDataEvent@740f6994
[00:06:21] [Server thread/INFO] [hordes]: Adding entry HordeSpawnEntry[type=class net.minecraft.entity.monster.EntityZombie,weight=35,minDay=0,maxDay=20] to hordespawn on day 0
[00:06:21] [Server thread/INFO] [hordes]: Adding entry HordeSpawnEntry[type=class net.minecraft.entity.monster.EntityZombieVillager,weight=1,minDay=0,maxDay=20] to hordespawn on day 0
[00:06:21] [Server thread/INFO] [hordes]: [net.smileycorp.hordes.hordeevent.capability.HordeEvent@40893615]Unable to find unlit pos for horde net.smileycorp.hordes.hordeevent.capability.HordeEvent@40893615 ignoring light level
[00:06:21] [Server thread/INFO] [hordes]: Adding entry HordeSpawnEntry[type=class net.minecraft.entity.monster.EntityZombie,weight=35,minDay=0,maxDay=20] to hordespawn on day 10
[00:06:21] [Server thread/INFO] [hordes]: Adding entry HordeSpawnEntry[type=class net.minecraft.entity.monster.EntityZombieVillager,weight=1,minDay=0,maxDay=20] to hordespawn on day 10
[00:07:05] [Server thread/INFO] [net.minecraft.server.dedicated.DedicatedServer]: [santydork: Teleported Chrisus to santydork]
[00:07:11] [Server thread/INFO] [hordes]: [net.smileycorp.hordes.hordeevent.capability.HordeEvent@40893615]Unable to find unlit pos for horde net.smileycorp.hordes.hordeevent.capability.HordeEvent@40893615 ignoring light level
[00:07:11] [Server thread/INFO] [hordes]: Adding entry HordeSpawnEntry[type=class net.minecraft.entity.monster.EntityZombie,weight=35,minDay=0,maxDay=20] to hordespawn on day 10
[00:07:11] [Server thread/INFO] [hordes]: Adding entry HordeSpawnEntry[type=class net.minecraft.entity.monster.EntityZombieVillager,weight=1,minDay=0,maxDay=20] to hordespawn on day 10
